  Bullet.cpp
D:\GIT Repo\SDL-GAME\Collider.h(38,77): warning C4244: 'argument': conversion from 'int' to 'float', possible loss of data
D:\GIT Repo\SDL-GAME\Collider.h(38,60): warning C4244: 'argument': conversion from 'int' to 'float', possible loss of data
D:\GIT Repo\SDL-GAME\MathUtility.h(15,12): warning C4244: 'return': conversion from 'double' to 'float', possible loss of data
D:\GIT Repo\SDL-GAME\Bullet.cpp(13,79): warning C4305: 'argument': truncation from 'double' to 'float'
D:\GIT Repo\SDL-GAME\Bullet.cpp(21,133): warning C4244: 'argument': conversion from 'int' to 'float', possible loss of data
D:\GIT Repo\SDL-GAME\Bullet.cpp(21,80): warning C4244: 'argument': conversion from 'int' to 'float', possible loss of data
  Game.cpp
D:\GIT Repo\SDL-GAME\Collider.h(38,77): warning C4244: 'argument': conversion from 'int' to 'float', possible loss of data
D:\GIT Repo\SDL-GAME\Collider.h(38,60): warning C4244: 'argument': conversion from 'int' to 'float', possible loss of data
D:\GIT Repo\SDL-GAME\MathUtility.h(15,12): warning C4244: 'return': conversion from 'double' to 'float', possible loss of data
D:\GIT Repo\SDL-GAME\Game.h(7,10): warning C4067: unexpected tokens following preprocessor directive - expected a newline
D:\GIT Repo\SDL-GAME\Game.cpp(101,110): warning C4244: 'argument': conversion from 'float' to 'int', possible loss of data
D:\GIT Repo\SDL-GAME\Game.cpp(101,74): warning C4244: 'argument': conversion from 'float' to 'int', possible loss of data
  main.cpp
D:\GIT Repo\SDL-GAME\Collider.h(38,77): warning C4244: 'argument': conversion from 'int' to 'float', possible loss of data
D:\GIT Repo\SDL-GAME\Collider.h(38,60): warning C4244: 'argument': conversion from 'int' to 'float', possible loss of data
D:\GIT Repo\SDL-GAME\MathUtility.h(15,12): warning C4244: 'return': conversion from 'double' to 'float', possible loss of data
D:\GIT Repo\SDL-GAME\Game.h(7,10): warning C4067: unexpected tokens following preprocessor directive - expected a newline
D:\GIT Repo\SDL-GAME\main.cpp(21,38): warning C4305: 'initializing': truncation from 'double' to 'float'
D:\GIT Repo\SDL-GAME\main.cpp(69,41): warning C4244: 'argument': conversion from 'double' to 'float', possible loss of data
  Generating Code...
D:\GIT Repo\SDL-GAME\GameObject.h(58): warning C4715: 'GameObject::GetComponent<Collider>': not all control paths return a value
  SDL Game.vcxproj -> D:\GIT Repo\SDL-GAME\x64\Debug\SDL Game.exe
